<?xml version="1.0" encoding="UTF-8"?>
<testsuite xmlns:xsi="http://www.w3.org/2001/XMLSchema-instance" xsi:noNamespaceSchemaLocation="https://maven.apache.org/surefire/maven-surefire-plugin/xsd/surefire-test-report-3.0.xsd" version="3.0" name="com.Embarcadero.demo.EmbarcaderoAppApplicationTests" time="39.536" tests="1" errors="0" skipped="0" failures="0">
  <properties>
[...]
</properties>
  <testcase name="contextLoads" classname="com.Embarcadero.demo.EmbarcaderoAppApplicationTests" time="1.401">
    <system-out><![CDATA[13:12:39.119 [main] INFO org.springframework.test.context.support.AnnotationConfigContextLoaderUtils -- Could not detect default configuration classes for test class [com.Embarcadero.demo.EmbarcaderoAppApplicationTests]: EmbarcaderoAppApplicationTests does not declare any static, non-private, non-final, nested classes annotated with @Configuration.
13:12:39.269 [main] INFO org.springframework.boot.test.context.SpringBootTestContextBootstrapper -- Found @SpringBootConfiguration com.Embarcadero.demo.EmbarcaderoAppApplication for test class com.Embarcadero.demo.EmbarcaderoAppApplicationTests
13:12:39.405 [main] INFO org.springframework.boot.devtools.restart.RestartApplicationListener -- Restart disabled due to context in which it is running

  .   ____          _            __ _ _
 /\\ / ___'_ __ _ _(_)_ __  __ _ \ \ \ \
( ( )\___ | '_ | '_| | '_ \/ _` | \ \ \ \
 \\/  ___)| |_)| | | | | || (_| |  ) ) ) )
  '  |____| .__|_| |_|_| |_\__, | / / / /
 =========|_|==============|___/=/_/_/_/
 :: Spring Boot ::                (v3.2.2)

2024-04-16T13:12:39.617-03:00  INFO 13648 --- [EmbarcaderoApp] [           main] c.E.demo.EmbarcaderoAppApplicationTests  : Starting EmbarcaderoAppApplicationTests using Java 17.0.10 with PID 13648 (started by DavidC in D:\Programacion\PERSONAL\JAVA\EmbarcaderoApp)
2024-04-16T13:12:39.638-03:00  INFO 13648 --- [EmbarcaderoApp] [           main] c.E.demo.EmbarcaderoAppApplicationTests  : No active profile set, falling back to 1 default profile: "default"
2024-04-16T13:12:40.477-03:00  INFO 13648 --- [EmbarcaderoApp] [           main] .s.d.r.c.RepositoryConfigurationDelegate : Bootstrapping Spring Data JPA repositories in DEFAULT mode.
2024-04-16T13:12:40.547-03:00  INFO 13648 --- [EmbarcaderoApp] [           main] .s.d.r.c.RepositoryConfigurationDelegate : Finished Spring Data repository scanning in 65 ms. Found 9 JPA repository interfaces.
2024-04-16T13:12:41.034-03:00  INFO 13648 --- [EmbarcaderoApp] [           main] o.hibernate.jpa.internal.util.LogHelper  : HHH000204: Processing PersistenceUnitInfo [name: default]
2024-04-16T13:12:41.075-03:00  INFO 13648 --- [EmbarcaderoApp] [           main] org.hibernate.Version                    : HHH000412: Hibernate ORM core version 6.4.1.Final
2024-04-16T13:12:41.117-03:00  INFO 13648 --- [EmbarcaderoApp] [           main] o.h.c.internal.RegionFactoryInitiator    : HHH000026: Second-level cache disabled
2024-04-16T13:12:41.420-03:00  INFO 13648 --- [EmbarcaderoApp] [           main] o.s.o.j.p.SpringPersistenceUnitInfo      : No LoadTimeWeaver setup: ignoring JPA class transformer
2024-04-16T13:12:41.454-03:00  INFO 13648 --- [EmbarcaderoApp] [           main] com.zaxxer.hikari.HikariDataSource       : HikariPool-1 - Starting...
2024-04-16T13:12:44.400-03:00  INFO 13648 --- [EmbarcaderoApp] [           main] com.zaxxer.hikari.pool.HikariPool        : HikariPool-1 - Added connection com.mysql.cj.jdbc.ConnectionImpl@6785df10
2024-04-16T13:12:44.406-03:00  INFO 13648 --- [EmbarcaderoApp] [           main] com.zaxxer.hikari.HikariDataSource       : HikariPool-1 - Start completed.
2024-04-16T13:12:44.983-03:00  WARN 13648 --- [EmbarcaderoApp] [           main] org.hibernate.orm.deprecation            : HHH90000025: MySQLDialect does not need to be specified explicitly using 'hibernate.dialect' (remove the property setting and it will be selected by default)
2024-04-16T13:12:46.121-03:00  INFO 13648 --- [EmbarcaderoApp] [           main] o.h.e.t.j.p.i.JtaPlatformInitiator       : HHH000489: No JTA platform available (set 'hibernate.transaction.jta.platform' to enable JTA platform integration)
Hibernate: create table engine (id integer not null auto_increment, cc varchar(255), engine_number varchar(255), engine_type_enum enum ('MOTOR_INTERNO','FUERA_DE_BORDA','OTRO'), notes varchar(255), primary key (id)) engine=InnoDB
Hibernate: create table image_file (id integer not null auto_increment, data LONGBLOB, name varchar(255), type varchar(255), used_for varchar(255), primary key (id)) engine=InnoDB
Hibernate: create table license (id integer not null, license_code varchar(255) not null, license_state_enum enum ('OK','INHABILITADA_TEMPORALMENTE','BAJA'), notes varchar(255), id_owner_fk integer not null, registered_boat_id integer, primary key (id)) engine=InnoDB
Hibernate: create table license_seq (next_val bigint) engine=InnoDB
Hibernate: insert into license_seq values ( 1 )
Hibernate: create table person (id integer not null auto_increment, address varchar(255), dni varchar(255) not null, emergency_phone varchar(255), last_name varchar(255) not null, name varchar(255) not null, notes varchar(255), phone varchar(255), primary key (id)) engine=InnoDB
Hibernate: create table record (id integer not null auto_increment, car varchar(255), end_time datetime(6), notes varchar(255), number_of_guests integer, record_state enum ('ACTIVO','DESCONOCIDO','EGRESADO','SINIESTRADO','ELIMINADO'), start_time datetime(6), license_id integer, person_id integer not null, simple_boat_id integer, primary key (id)) engine=InnoDB
Hibernate: create table registered_boat (id integer not null auto_increment, capacity integer, details varchar(255), hull varchar(255), name varchar(255), type_licenced_boat_enum enum ('LANCHA','HIDROPEDAL','DOUBLE_KAYAK','VELERO','OTROS'), motor_id integer, primary key (id)) engine=InnoDB
Hibernate: create table shift (id integer not null auto_increment, close bit, dam enum ('DIQUE_ULLUM','DIQUE_PUNTA_NEGRA','DIQUE_CUESTA_DEL_VIENTO') not null, date date not null, notes varchar(255), primary key (id)) engine=InnoDB
Hibernate: create table shift_records (shift_id integer not null, records_id integer not null) engine=InnoDB
Hibernate: create table shift_staff (shift_id integer not null, staff_id integer not null) engine=InnoDB
Hibernate: create table simple_boat (id integer not null auto_increment, details varchar(255), notes varchar(255), type_simple_boat_enum enum ('SIMPLE_KAYAK','SUP','KITESURF','WINDSURF','OTROS'), primary key (id)) engine=InnoDB
Hibernate: create table users (id integer not null, dni varchar(255) not null, email varchar(255) not null, emergency_phone varchar(255), first_name varchar(255), last_name varchar(255), password varchar(255), phone varchar(255), role enum ('LIFEGUARD','OFFICE','USER','ADMIN','SUPER_ADMIN'), username varchar(255) not null, primary key (id)) engine=InnoDB
Hibernate: create table users_image_files (users_id integer not null, image_files_id integer not null) engine=InnoDB
Hibernate: create table users_seq (next_val bigint) engine=InnoDB
Hibernate: insert into users_seq values ( 1 )
Hibernate: alter table engine drop index UK_mm2ih3gc2ty8fbhw9yygp60ra
Hibernate: alter table engine add constraint UK_mm2ih3gc2ty8fbhw9yygp60ra unique (engine_number)
Hibernate: alter table license drop index UK_f1roq1xn86o2lns9be997atl4
Hibernate: alter table license add constraint UK_f1roq1xn86o2lns9be997atl4 unique (license_code)
Hibernate: alter table license drop index UK_s6t800gmvgy1qa5dqhoqa5hmw
Hibernate: alter table license add constraint UK_s6t800gmvgy1qa5dqhoqa5hmw unique (registered_boat_id)
Hibernate: alter table person drop index UK_elp5gmwf3ngplkew2g20s0nra
Hibernate: alter table person add constraint UK_elp5gmwf3ngplkew2g20s0nra unique (dni)
Hibernate: alter table record drop index UK_13lbh3g037cl0u02ni51wom5d
Hibernate: alter table record add constraint UK_13lbh3g037cl0u02ni51wom5d unique (simple_boat_id)
Hibernate: alter table registered_boat drop index UK_lu7xf2bckwe88wd1qu33vfsgf
Hibernate: alter table registered_boat add constraint UK_lu7xf2bckwe88wd1qu33vfsgf unique (motor_id)
Hibernate: alter table shift_records drop index UK_albqf960s3yjbuul093xp65j1
Hibernate: alter table shift_records add constraint UK_albqf960s3yjbuul093xp65j1 unique (records_id)
Hibernate: alter table users drop index UK_6aphui3g30h49muho4c91n0yl
Hibernate: alter table users add constraint UK_6aphui3g30h49muho4c91n0yl unique (dni)
Hibernate: alter table users drop index UK_6dotkott2kjsp8vw4d0m25fb7
Hibernate: alter table users add constraint UK_6dotkott2kjsp8vw4d0m25fb7 unique (email)
Hibernate: alter table users drop index UK_r43af9ap4edm43mmtq01oddj6
Hibernate: alter table users add constraint UK_r43af9ap4edm43mmtq01oddj6 unique (username)
Hibernate: alter table users_image_files drop index UK_86pol9f1rg5qnr15uvayt6lk6
Hibernate: alter table users_image_files add constraint UK_86pol9f1rg5qnr15uvayt6lk6 unique (image_files_id)
Hibernate: alter table license add constraint FK6snscg42pprwr3tgfwg7p0dvv foreign key (id_owner_fk) references person (id)
Hibernate: alter table license add constraint FK5eb5mt1w3yuek61h2txlu8kkr foreign key (registered_boat_id) references registered_boat (id)
Hibernate: alter table record add constraint FK5hjyqt3ksw0rk1obs2qwfq1yi foreign key (license_id) references license (id)
Hibernate: alter table record add constraint FKtb1b530qstj0g1jiouvsu1e8y foreign key (person_id) references person (id)
Hibernate: alter table record add constraint FKarooit12enlge87y8vvk83a7i foreign key (simple_boat_id) references simple_boat (id)
Hibernate: alter table registered_boat add constraint FKcng5cu6qitm44kni512931hlo foreign key (motor_id) references engine (id)
Hibernate: alter table shift_records add constraint FKam6ylq4ffox16ngvkyyr9g0er foreign key (records_id) references record (id)
Hibernate: alter table shift_records add constraint FKop5shx7bs1mprcrepsti7clt foreign key (shift_id) references shift (id)
Hibernate: alter table shift_staff add constraint FKtbq8blekl5q2kxg12ld4bnji8 foreign key (staff_id) references users (id)
Hibernate: alter table shift_staff add constraint FKqhopmjt986845vwlpncr5m6y7 foreign key (shift_id) references shift (id)
Hibernate: alter table users_image_files add constraint FK6caqq48f7pqd9f5uu6xx0v2vr foreign key (image_files_id) references image_file (id)
Hibernate: alter table users_image_files add constraint FKisb39mqyfbctsmamrsqpvplwj foreign key (users_id) references users (id)
2024-04-16T13:13:14.174-03:00  INFO 13648 --- [EmbarcaderoApp] [           main] j.LocalContainerEntityManagerFactoryBean : Initialized JPA EntityManagerFactory for persistence unit 'default'
2024-04-16T13:13:14.594-03:00  INFO 13648 --- [EmbarcaderoApp] [           main] o.s.d.j.r.query.QueryEnhancerFactory     : Hibernate is in classpath; If applicable, HQL parser will be used.
2024-04-16T13:13:15.642-03:00  WARN 13648 --- [EmbarcaderoApp] [           main] JpaBaseConfiguration$JpaWebConfiguration : spring.jpa.open-in-view is enabled by default. Therefore, database queries may be performed during view rendering. Explicitly configure spring.jpa.open-in-view to disable this warning
2024-04-16T13:13:17.007-03:00  INFO 13648 --- [EmbarcaderoApp] [           main] c.E.demo.EmbarcaderoAppApplicationTests  : Started EmbarcaderoAppApplicationTests in 37.612 seconds (process running for 38.696)
]]></system-out>
  </testcase>
</testsuite>