<?xml version="1.0" encoding="UTF-8"?>
<testsuite xmlns:xsi="http://www.w3.org/2001/XMLSchema-instance" xsi:noNamespaceSchemaLocation="https://maven.apache.org/surefire/maven-surefire-plugin/xsd/surefire-test-report-3.0.xsd" version="3.0" name="com.Embarcadero.demo.EmbarcaderoAppApplicationTests" time="23.394" tests="1" errors="0" skipped="0" failures="0">
  <properties>
[...]
</properties>
  <testcase name="contextLoads" classname="com.Embarcadero.demo.EmbarcaderoAppApplicationTests" time="0.98">
    <system-out><![CDATA[12:12:19.054 [main] INFO org.springframework.test.context.support.AnnotationConfigContextLoaderUtils -- Could not detect default configuration classes for test class [com.Embarcadero.demo.EmbarcaderoAppApplicationTests]: EmbarcaderoAppApplicationTests does not declare any static, non-private, non-final, nested classes annotated with @Configuration.
12:12:19.205 [main] INFO org.springframework.boot.test.context.SpringBootTestContextBootstrapper -- Found @SpringBootConfiguration com.Embarcadero.demo.EmbarcaderoAppApplication for test class com.Embarcadero.demo.EmbarcaderoAppApplicationTests
12:12:19.400 [main] INFO org.springframework.boot.devtools.restart.RestartApplicationListener -- Restart disabled due to context in which it is running

  .   ____          _            __ _ _
 /\\ / ___'_ __ _ _(_)_ __  __ _ \ \ \ \
( ( )\___ | '_ | '_| | '_ \/ _` | \ \ \ \
 \\/  ___)| |_)| | | | | || (_| |  ) ) ) )
  '  |____| .__|_| |_|_| |_\__, | / / / /
 =========|_|==============|___/=/_/_/_/
 :: Spring Boot ::                (v3.2.2)

2024-04-16T12:12:19.700-03:00  INFO 11024 --- [EmbarcaderoApp] [           main] c.E.demo.EmbarcaderoAppApplicationTests  : Starting EmbarcaderoAppApplicationTests using Java 17.0.10 with PID 11024 (started by DavidC in D:\Programacion\PERSONAL\JAVA\EmbarcaderoApp)
2024-04-16T12:12:19.767-03:00  INFO 11024 --- [EmbarcaderoApp] [           main] c.E.demo.EmbarcaderoAppApplicationTests  : No active profile set, falling back to 1 default profile: "default"
2024-04-16T12:12:20.776-03:00  INFO 11024 --- [EmbarcaderoApp] [           main] .s.d.r.c.RepositoryConfigurationDelegate : Bootstrapping Spring Data JPA repositories in DEFAULT mode.
2024-04-16T12:12:20.861-03:00  INFO 11024 --- [EmbarcaderoApp] [           main] .s.d.r.c.RepositoryConfigurationDelegate : Finished Spring Data repository scanning in 76 ms. Found 9 JPA repository interfaces.
2024-04-16T12:12:21.479-03:00  INFO 11024 --- [EmbarcaderoApp] [           main] o.hibernate.jpa.internal.util.LogHelper  : HHH000204: Processing PersistenceUnitInfo [name: default]
2024-04-16T12:12:21.531-03:00  INFO 11024 --- [EmbarcaderoApp] [           main] org.hibernate.Version                    : HHH000412: Hibernate ORM core version 6.4.1.Final
2024-04-16T12:12:21.602-03:00  INFO 11024 --- [EmbarcaderoApp] [           main] o.h.c.internal.RegionFactoryInitiator    : HHH000026: Second-level cache disabled
2024-04-16T12:12:21.924-03:00  INFO 11024 --- [EmbarcaderoApp] [           main] o.s.o.j.p.SpringPersistenceUnitInfo      : No LoadTimeWeaver setup: ignoring JPA class transformer
2024-04-16T12:12:21.950-03:00  INFO 11024 --- [EmbarcaderoApp] [           main] com.zaxxer.hikari.HikariDataSource       : HikariPool-1 - Starting...
2024-04-16T12:12:25.121-03:00  INFO 11024 --- [EmbarcaderoApp] [           main] com.zaxxer.hikari.pool.HikariPool        : HikariPool-1 - Added connection com.mysql.cj.jdbc.ConnectionImpl@54f373d4
2024-04-16T12:12:25.124-03:00  INFO 11024 --- [EmbarcaderoApp] [           main] com.zaxxer.hikari.HikariDataSource       : HikariPool-1 - Start completed.
2024-04-16T12:12:27.479-03:00  INFO 11024 --- [EmbarcaderoApp] [           main] o.h.e.t.j.p.i.JtaPlatformInitiator       : HHH000489: No JTA platform available (set 'hibernate.transaction.jta.platform' to enable JTA platform integration)
2024-04-16T12:12:37.642-03:00  INFO 11024 --- [EmbarcaderoApp] [           main] j.LocalContainerEntityManagerFactoryBean : Initialized JPA EntityManagerFactory for persistence unit 'default'
2024-04-16T12:12:38.608-03:00  INFO 11024 --- [EmbarcaderoApp] [           main] o.s.d.j.r.query.QueryEnhancerFactory     : Hibernate is in classpath; If applicable, HQL parser will be used.
2024-04-16T12:12:40.263-03:00  WARN 11024 --- [EmbarcaderoApp] [           main] JpaBaseConfiguration$JpaWebConfiguration : spring.jpa.open-in-view is enabled by default. Therefore, database queries may be performed during view rendering. Explicitly configure spring.jpa.open-in-view to disable this warning
2024-04-16T12:12:41.214-03:00  INFO 11024 --- [EmbarcaderoApp] [           main] c.E.demo.EmbarcaderoAppApplicationTests  : Started EmbarcaderoAppApplicationTests in 21.831 seconds (process running for 23.038)
]]></system-out>
  </testcase>
</testsuite>